2023/12/03 01:46:20 [notice] 1#1: using the "epoll" event method
2023/12/03 01:46:20 [notice] 1#1: nginx/1.25.3
2023/12/03 01:46:20 [notice] 1#1: built by gcc 12.2.1 20220924 (Alpine 12.2.1_git20220924-r10) 
2023/12/03 01:46:20 [notice] 1#1: OS: Linux 5.15.133.1-microsoft-standard-WSL2
2023/12/03 01:46:20 [notice] 1#1: getrlimit(RLIMIT_NOFILE): 1048576:1048576
2023/12/03 01:46:20 [notice] 1#1: start worker processes
2023/12/03 01:46:20 [notice] 1#1: start worker process 29
2023/12/03 01:46:20 [notice] 1#1: start worker process 30
2023/12/03 01:46:20 [notice] 1#1: start worker process 31
2023/12/03 01:46:20 [notice] 1#1: start worker process 32
2023/12/03 01:46:20 [notice] 1#1: start worker process 33
2023/12/03 01:46:20 [notice] 1#1: start worker process 34
2023/12/03 01:46:20 [notice] 1#1: start worker process 35
2023/12/03 01:46:20 [notice] 1#1: start worker process 36
2023/12/03 01:46:48 [notice] 1#1: signal 3 (SIGQUIT) received, shutting down
2023/12/03 01:46:48 [notice] 32#32: gracefully shutting down
2023/12/03 01:46:48 [notice] 33#33: gracefully shutting down
2023/12/03 01:46:48 [notice] 35#35: gracefully shutting down
2023/12/03 01:46:48 [notice] 35#35: exiting
2023/12/03 01:46:48 [notice] 32#32: exiting
2023/12/03 01:46:48 [notice] 33#33: exiting
2023/12/03 01:46:48 [notice] 30#30: gracefully shutting down
2023/12/03 01:46:48 [notice] 30#30: exiting
2023/12/03 01:46:48 [notice] 35#35: exit
2023/12/03 01:46:48 [notice] 32#32: exit
2023/12/03 01:46:48 [notice] 33#33: exit
2023/12/03 01:46:48 [notice] 30#30: exit
2023/12/03 01:46:48 [notice] 29#29: gracefully shutting down
2023/12/03 01:46:48 [notice] 31#31: gracefully shutting down
2023/12/03 01:46:48 [notice] 34#34: gracefully shutting down
2023/12/03 01:46:48 [notice] 31#31: exiting
2023/12/03 01:46:48 [notice] 34#34: exiting
2023/12/03 01:46:48 [notice] 29#29: exiting
2023/12/03 01:46:48 [notice] 31#31: exit
2023/12/03 01:46:48 [notice] 34#34: exit
2023/12/03 01:46:48 [notice] 29#29: exit
2023/12/03 01:46:48 [notice] 36#36: gracefully shutting down
2023/12/03 01:46:48 [notice] 36#36: exiting
2023/12/03 01:46:48 [notice] 36#36: exit
2023/12/03 01:46:48 [notice] 1#1: signal 17 (SIGCHLD) received from 33
2023/12/03 01:46:48 [notice] 1#1: worker process 29 exited with code 0
2023/12/03 01:46:48 [notice] 1#1: worker process 31 exited with code 0
2023/12/03 01:46:48 [notice] 1#1: worker process 33 exited with code 0
2023/12/03 01:46:48 [notice] 1#1: worker process 36 exited with code 0
2023/12/03 01:46:48 [notice] 1#1: signal 29 (SIGIO) received
2023/12/03 01:46:48 [notice] 1#1: signal 17 (SIGCHLD) received from 29
2023/12/03 01:46:48 [notice] 1#1: signal 17 (SIGCHLD) received from 32
2023/12/03 01:46:48 [notice] 1#1: worker process 30 exited with code 0
2023/12/03 01:46:48 [notice] 1#1: worker process 32 exited with code 0
2023/12/03 01:46:48 [notice] 1#1: signal 29 (SIGIO) received
2023/12/03 01:46:48 [notice] 1#1: signal 17 (SIGCHLD) received from 35
2023/12/03 01:46:48 [notice] 1#1: worker process 35 exited with code 0
2023/12/03 01:46:48 [notice] 1#1: signal 29 (SIGIO) received
2023/12/03 01:46:48 [notice] 1#1: signal 17 (SIGCHLD) received from 34
2023/12/03 01:46:48 [notice] 1#1: worker process 34 exited with code 0
2023/12/03 01:46:48 [notice] 1#1: exit
2023/12/03 01:47:33 [notice] 1#1: using the "epoll" event method
2023/12/03 01:47:33 [notice] 1#1: nginx/1.25.3
2023/12/03 01:47:33 [notice] 1#1: built by gcc 12.2.1 20220924 (Alpine 12.2.1_git20220924-r10) 
2023/12/03 01:47:33 [notice] 1#1: OS: Linux 5.15.133.1-microsoft-standard-WSL2
2023/12/03 01:47:33 [notice] 1#1: getrlimit(RLIMIT_NOFILE): 1048576:1048576
2023/12/03 01:47:33 [notice] 1#1: start worker processes
2023/12/03 01:47:33 [notice] 1#1: start worker process 29
2023/12/03 01:47:33 [notice] 1#1: start worker process 30
2023/12/03 01:47:33 [notice] 1#1: start worker process 31
2023/12/03 01:47:33 [notice] 1#1: start worker process 32
2023/12/03 01:47:33 [notice] 1#1: start worker process 33
2023/12/03 01:47:33 [notice] 1#1: start worker process 34
2023/12/03 01:47:33 [notice] 1#1: start worker process 35
2023/12/03 01:47:33 [notice] 1#1: start worker process 36
2023/12/03 01:48:08 [notice] 1#1: signal 3 (SIGQUIT) received, shutting down
2023/12/03 01:48:08 [notice] 35#35: gracefully shutting down
2023/12/03 01:48:08 [notice] 29#29: gracefully shutting down
2023/12/03 01:48:08 [notice] 36#36: gracefully shutting down
2023/12/03 01:48:08 [notice] 35#35: exiting
2023/12/03 01:48:08 [notice] 29#29: exiting
2023/12/03 01:48:08 [notice] 36#36: exiting
2023/12/03 01:48:08 [notice] 36#36: exit
2023/12/03 01:48:08 [notice] 35#35: exit
2023/12/03 01:48:08 [notice] 29#29: exit
2023/12/03 01:48:08 [notice] 31#31: gracefully shutting down
2023/12/03 01:48:08 [notice] 31#31: exiting
2023/12/03 01:48:08 [notice] 31#31: exit
2023/12/03 01:48:08 [notice] 30#30: gracefully shutting down
2023/12/03 01:48:08 [notice] 30#30: exiting
2023/12/03 01:48:08 [notice] 30#30: exit
2023/12/03 01:48:08 [notice] 32#32: gracefully shutting down
2023/12/03 01:48:08 [notice] 32#32: exiting
2023/12/03 01:48:08 [notice] 32#32: exit
2023/12/03 01:48:08 [notice] 33#33: gracefully shutting down
2023/12/03 01:48:08 [notice] 33#33: exiting
2023/12/03 01:48:08 [notice] 33#33: exit
2023/12/03 01:48:08 [notice] 34#34: gracefully shutting down
2023/12/03 01:48:08 [notice] 34#34: exiting
2023/12/03 01:48:08 [notice] 34#34: exit
2023/12/03 01:48:08 [notice] 1#1: signal 17 (SIGCHLD) received from 35
2023/12/03 01:48:08 [notice] 1#1: worker process 35 exited with code 0
2023/12/03 01:48:08 [notice] 1#1: signal 29 (SIGIO) received
2023/12/03 01:48:09 [notice] 1#1: signal 17 (SIGCHLD) received from 29
2023/12/03 01:48:09 [notice] 1#1: worker process 29 exited with code 0
2023/12/03 01:48:09 [notice] 1#1: worker process 30 exited with code 0
2023/12/03 01:48:09 [notice] 1#1: worker process 31 exited with code 0
2023/12/03 01:48:09 [notice] 1#1: worker process 32 exited with code 0
2023/12/03 01:48:09 [notice] 1#1: worker process 33 exited with code 0
2023/12/03 01:48:09 [notice] 1#1: worker process 34 exited with code 0
2023/12/03 01:48:09 [notice] 1#1: worker process 36 exited with code 0
2023/12/03 01:48:09 [notice] 1#1: exit
2023/12/03 01:48:45 [notice] 1#1: using the "epoll" event method
2023/12/03 01:48:45 [notice] 1#1: nginx/1.25.3
2023/12/03 01:48:45 [notice] 1#1: built by gcc 12.2.1 20220924 (Alpine 12.2.1_git20220924-r10) 
2023/12/03 01:48:45 [notice] 1#1: OS: Linux 5.15.133.1-microsoft-standard-WSL2
2023/12/03 01:48:45 [notice] 1#1: getrlimit(RLIMIT_NOFILE): 1048576:1048576
2023/12/03 01:48:45 [notice] 1#1: start worker processes
2023/12/03 01:48:45 [notice] 1#1: start worker process 29
2023/12/03 01:48:45 [notice] 1#1: start worker process 30
2023/12/03 01:48:45 [notice] 1#1: start worker process 31
2023/12/03 01:48:45 [notice] 1#1: start worker process 32
2023/12/03 01:48:45 [notice] 1#1: start worker process 33
2023/12/03 01:48:45 [notice] 1#1: start worker process 34
2023/12/03 01:48:45 [notice] 1#1: start worker process 35
2023/12/03 01:48:45 [notice] 1#1: start worker process 36
2023/12/03 01:52:03 [notice] 1#1: signal 3 (SIGQUIT) received, shutting down
2023/12/03 01:52:03 [notice] 29#29: gracefully shutting down
2023/12/03 01:52:03 [notice] 30#30: gracefully shutting down
2023/12/03 01:52:03 [notice] 31#31: gracefully shutting down
2023/12/03 01:52:03 [notice] 32#32: gracefully shutting down
2023/12/03 01:52:03 [notice] 29#29: exiting
2023/12/03 01:52:03 [notice] 30#30: exiting
2023/12/03 01:52:03 [notice] 31#31: exiting
2023/12/03 01:52:03 [notice] 33#33: gracefully shutting down
2023/12/03 01:52:03 [notice] 32#32: exiting
2023/12/03 01:52:03 [notice] 33#33: exiting
2023/12/03 01:52:03 [notice] 29#29: exit
2023/12/03 01:52:03 [notice] 30#30: exit
2023/12/03 01:52:03 [notice] 31#31: exit
2023/12/03 01:52:03 [notice] 32#32: exit
2023/12/03 01:52:03 [notice] 33#33: exit
2023/12/03 01:52:03 [notice] 34#34: gracefully shutting down
2023/12/03 01:52:03 [notice] 34#34: exiting
2023/12/03 01:52:03 [notice] 34#34: exit
2023/12/03 01:52:03 [notice] 35#35: gracefully shutting down
2023/12/03 01:52:03 [notice] 35#35: exiting
2023/12/03 01:52:03 [notice] 35#35: exit
2023/12/03 01:52:03 [notice] 36#36: gracefully shutting down
2023/12/03 01:52:03 [notice] 36#36: exiting
2023/12/03 01:52:03 [notice] 36#36: exit
2023/12/03 01:52:03 [notice] 1#1: signal 17 (SIGCHLD) received from 32
2023/12/03 01:52:03 [notice] 1#1: worker process 32 exited with code 0
2023/12/03 01:52:03 [notice] 1#1: signal 29 (SIGIO) received
2023/12/03 01:52:03 [notice] 1#1: signal 17 (SIGCHLD) received from 33
2023/12/03 01:52:03 [notice] 1#1: worker process 31 exited with code 0
2023/12/03 01:52:03 [notice] 1#1: worker process 33 exited with code 0
2023/12/03 01:52:03 [notice] 1#1: worker process 35 exited with code 0
2023/12/03 01:52:03 [notice] 1#1: worker process 36 exited with code 0
2023/12/03 01:52:03 [notice] 1#1: signal 29 (SIGIO) received
2023/12/03 01:52:03 [notice] 1#1: signal 17 (SIGCHLD) received from 34
2023/12/03 01:52:03 [notice] 1#1: worker process 34 exited with code 0
2023/12/03 01:52:03 [notice] 1#1: signal 29 (SIGIO) received
2023/12/03 01:52:03 [notice] 1#1: signal 17 (SIGCHLD) received from 30
2023/12/03 01:52:03 [notice] 1#1: worker process 30 exited with code 0
2023/12/03 01:52:03 [notice] 1#1: signal 29 (SIGIO) received
2023/12/03 01:52:03 [notice] 1#1: signal 17 (SIGCHLD) received from 29
2023/12/03 01:52:03 [notice] 1#1: worker process 29 exited with code 0
2023/12/03 01:52:03 [notice] 1#1: exit
2023/12/03 01:52:25 [notice] 1#1: using the "epoll" event method
2023/12/03 01:52:25 [notice] 1#1: nginx/1.25.3
2023/12/03 01:52:25 [notice] 1#1: built by gcc 12.2.1 20220924 (Alpine 12.2.1_git20220924-r10) 
2023/12/03 01:52:25 [notice] 1#1: OS: Linux 5.15.133.1-microsoft-standard-WSL2
2023/12/03 01:52:25 [notice] 1#1: getrlimit(RLIMIT_NOFILE): 1048576:1048576
2023/12/03 01:52:25 [notice] 1#1: start worker processes
2023/12/03 01:52:25 [notice] 1#1: start worker process 29
2023/12/03 01:52:25 [notice] 1#1: start worker process 30
2023/12/03 01:52:25 [notice] 1#1: start worker process 31
2023/12/03 01:52:25 [notice] 1#1: start worker process 32
2023/12/03 01:52:25 [notice] 1#1: start worker process 33
2023/12/03 01:52:25 [notice] 1#1: start worker process 34
2023/12/03 01:52:25 [notice] 1#1: start worker process 35
2023/12/03 01:52:25 [notice] 1#1: start worker process 36
2023/12/03 01:52:58 [notice] 1#1: signal 3 (SIGQUIT) received, shutting down
2023/12/03 01:52:58 [notice] 31#31: gracefully shutting down
2023/12/03 01:52:58 [notice] 34#34: gracefully shutting down
2023/12/03 01:52:58 [notice] 32#32: gracefully shutting down
2023/12/03 01:52:58 [notice] 31#31: exiting
2023/12/03 01:52:58 [notice] 35#35: gracefully shutting down
2023/12/03 01:52:58 [notice] 30#30: gracefully shutting down
2023/12/03 01:52:58 [notice] 36#36: gracefully shutting down
2023/12/03 01:52:58 [notice] 34#34: exiting
2023/12/03 01:52:58 [notice] 32#32: exiting
2023/12/03 01:52:58 [notice] 35#35: exiting
2023/12/03 01:52:58 [notice] 30#30: exiting
2023/12/03 01:52:58 [notice] 36#36: exiting
2023/12/03 01:52:58 [notice] 31#31: exit
2023/12/03 01:52:58 [notice] 32#32: exit
2023/12/03 01:52:58 [notice] 34#34: exit
2023/12/03 01:52:58 [notice] 30#30: exit
2023/12/03 01:52:58 [notice] 36#36: exit
2023/12/03 01:52:58 [notice] 35#35: exit
2023/12/03 01:52:58 [notice] 29#29: gracefully shutting down
2023/12/03 01:52:58 [notice] 29#29: exiting
2023/12/03 01:52:58 [notice] 29#29: exit
2023/12/03 01:52:58 [notice] 33#33: gracefully shutting down
2023/12/03 01:52:58 [notice] 33#33: exiting
2023/12/03 01:52:58 [notice] 33#33: exit
2023/12/03 01:52:58 [notice] 1#1: signal 17 (SIGCHLD) received from 34
2023/12/03 01:52:58 [notice] 1#1: worker process 34 exited with code 0
2023/12/03 01:52:58 [notice] 1#1: signal 29 (SIGIO) received
2023/12/03 01:52:58 [notice] 1#1: signal 17 (SIGCHLD) received from 32
2023/12/03 01:52:58 [notice] 1#1: worker process 31 exited with code 0
2023/12/03 01:52:58 [notice] 1#1: worker process 32 exited with code 0
2023/12/03 01:52:58 [notice] 1#1: signal 29 (SIGIO) received
2023/12/03 01:52:58 [notice] 1#1: signal 17 (SIGCHLD) received from 29
2023/12/03 01:52:58 [notice] 1#1: worker process 29 exited with code 0
2023/12/03 01:52:58 [notice] 1#1: worker process 30 exited with code 0
2023/12/03 01:52:58 [notice] 1#1: signal 29 (SIGIO) received
2023/12/03 01:52:58 [notice] 1#1: signal 17 (SIGCHLD) received from 33
2023/12/03 01:52:58 [notice] 1#1: worker process 33 exited with code 0
2023/12/03 01:52:58 [notice] 1#1: signal 29 (SIGIO) received
2023/12/03 01:52:58 [notice] 1#1: signal 17 (SIGCHLD) received from 36
2023/12/03 01:52:58 [notice] 1#1: worker process 35 exited with code 0
2023/12/03 01:52:58 [notice] 1#1: worker process 36 exited with code 0
2023/12/03 01:52:58 [notice] 1#1: exit
2023/12/03 02:00:52 [notice] 1#1: using the "epoll" event method
2023/12/03 02:00:52 [notice] 1#1: nginx/1.25.3
2023/12/03 02:00:52 [notice] 1#1: built by gcc 12.2.1 20220924 (Alpine 12.2.1_git20220924-r10) 
2023/12/03 02:00:52 [notice] 1#1: OS: Linux 5.15.133.1-microsoft-standard-WSL2
2023/12/03 02:00:52 [notice] 1#1: getrlimit(RLIMIT_NOFILE): 1048576:1048576
2023/12/03 02:00:52 [notice] 1#1: start worker processes
2023/12/03 02:00:52 [notice] 1#1: start worker process 29
2023/12/03 02:00:52 [notice] 1#1: start worker process 30
2023/12/03 02:00:52 [notice] 1#1: start worker process 31
2023/12/03 02:00:52 [notice] 1#1: start worker process 32
2023/12/03 02:00:52 [notice] 1#1: start worker process 33
2023/12/03 02:00:52 [notice] 1#1: start worker process 34
2023/12/03 02:00:52 [notice] 1#1: start worker process 35
2023/12/03 02:00:52 [notice] 1#1: start worker process 36
2023/12/03 02:08:52 [notice] 1#1: signal 3 (SIGQUIT) received, shutting down
2023/12/03 02:08:52 [notice] 32#32: gracefully shutting down
2023/12/03 02:08:52 [notice] 33#33: gracefully shutting down
2023/12/03 02:08:52 [notice] 32#32: exiting
2023/12/03 02:08:52 [notice] 33#33: exiting
2023/12/03 02:08:52 [notice] 31#31: gracefully shutting down
2023/12/03 02:08:52 [notice] 34#34: gracefully shutting down
2023/12/03 02:08:52 [notice] 31#31: exiting
2023/12/03 02:08:52 [notice] 29#29: gracefully shutting down
2023/12/03 02:08:52 [notice] 34#34: exiting
2023/12/03 02:08:52 [notice] 29#29: exiting
2023/12/03 02:08:52 [notice] 32#32: exit
2023/12/03 02:08:52 [notice] 31#31: exit
2023/12/03 02:08:52 [notice] 33#33: exit
2023/12/03 02:08:52 [notice] 34#34: exit
2023/12/03 02:08:52 [notice] 29#29: exit
2023/12/03 02:08:52 [notice] 35#35: gracefully shutting down
2023/12/03 02:08:52 [notice] 35#35: exiting
2023/12/03 02:08:52 [notice] 35#35: exit
2023/12/03 02:08:52 [notice] 30#30: gracefully shutting down
2023/12/03 02:08:52 [notice] 30#30: exiting
2023/12/03 02:08:52 [notice] 30#30: exit
2023/12/03 02:08:52 [notice] 36#36: gracefully shutting down
2023/12/03 02:08:52 [notice] 36#36: exiting
2023/12/03 02:08:52 [notice] 36#36: exit
2023/12/03 02:08:52 [notice] 1#1: signal 17 (SIGCHLD) received from 33
2023/12/03 02:08:52 [notice] 1#1: worker process 29 exited with code 0
2023/12/03 02:08:52 [notice] 1#1: worker process 31 exited with code 0
2023/12/03 02:08:52 [notice] 1#1: worker process 32 exited with code 0
2023/12/03 02:08:52 [notice] 1#1: worker process 33 exited with code 0
2023/12/03 02:08:52 [notice] 1#1: worker process 34 exited with code 0
2023/12/03 02:08:52 [notice] 1#1: worker process 36 exited with code 0
2023/12/03 02:08:52 [notice] 1#1: signal 29 (SIGIO) received
2023/12/03 02:08:52 [notice] 1#1: signal 17 (SIGCHLD) received from 30
2023/12/03 02:08:52 [notice] 1#1: worker process 30 exited with code 0
2023/12/03 02:08:52 [notice] 1#1: signal 29 (SIGIO) received
2023/12/03 02:08:52 [notice] 1#1: signal 17 (SIGCHLD) received from 35
2023/12/03 02:08:52 [notice] 1#1: worker process 35 exited with code 0
2023/12/03 02:08:52 [notice] 1#1: exit
2023/12/04 21:19:35 [notice] 1#1: using the "epoll" event method
2023/12/04 21:19:35 [notice] 1#1: nginx/1.25.3
2023/12/04 21:19:35 [notice] 1#1: built by gcc 12.2.1 20220924 (Alpine 12.2.1_git20220924-r10) 
2023/12/04 21:19:35 [notice] 1#1: OS: Linux 5.15.133.1-microsoft-standard-WSL2
2023/12/04 21:19:35 [notice] 1#1: getrlimit(RLIMIT_NOFILE): 1048576:1048576
2023/12/04 21:19:35 [notice] 1#1: start worker processes
2023/12/04 21:19:35 [notice] 1#1: start worker process 30
2023/12/04 21:19:35 [notice] 1#1: start worker process 31
2023/12/04 21:19:35 [notice] 1#1: start worker process 32
2023/12/04 21:19:35 [notice] 1#1: start worker process 33
2023/12/04 21:19:35 [notice] 1#1: start worker process 34
2023/12/04 21:19:35 [notice] 1#1: start worker process 35
2023/12/04 21:19:35 [notice] 1#1: start worker process 36
2023/12/04 21:19:35 [notice] 1#1: start worker process 37
2023/12/04 21:52:53 [notice] 1#1: signal 3 (SIGQUIT) received, shutting down
2023/12/04 21:52:53 [notice] 31#31: gracefully shutting down
2023/12/04 21:52:53 [notice] 33#33: gracefully shutting down
2023/12/04 21:52:53 [notice] 30#30: gracefully shutting down
2023/12/04 21:52:53 [notice] 34#34: gracefully shutting down
2023/12/04 21:52:53 [notice] 36#36: gracefully shutting down
2023/12/04 21:52:53 [notice] 37#37: gracefully shutting down
2023/12/04 21:52:53 [notice] 32#32: gracefully shutting down
2023/12/04 21:52:53 [notice] 35#35: gracefully shutting down
2023/12/04 21:52:53 [notice] 36#36: exiting
2023/12/04 21:52:53 [notice] 34#34: exiting
2023/12/04 21:52:53 [notice] 33#33: exiting
2023/12/04 21:52:53 [notice] 32#32: exiting
2023/12/04 21:52:53 [notice] 37#37: exiting
2023/12/04 21:52:53 [notice] 35#35: exiting
2023/12/04 21:52:53 [notice] 30#30: exiting
2023/12/04 21:52:53 [notice] 31#31: exiting
2023/12/04 21:52:53 [notice] 34#34: exit
2023/12/04 21:52:53 [notice] 37#37: exit
2023/12/04 21:52:53 [notice] 36#36: exit
2023/12/04 21:52:53 [notice] 33#33: exit
2023/12/04 21:52:53 [notice] 30#30: exit
2023/12/04 21:52:53 [notice] 31#31: exit
2023/12/04 21:52:53 [notice] 35#35: exit
2023/12/04 21:52:53 [notice] 32#32: exit
2023/12/04 21:52:53 [notice] 1#1: signal 17 (SIGCHLD) received from 33
2023/12/04 21:52:53 [notice] 1#1: worker process 33 exited with code 0
2023/12/04 21:52:53 [notice] 1#1: worker process 36 exited with code 0
2023/12/04 21:52:53 [notice] 1#1: signal 29 (SIGIO) received
2023/12/04 21:52:53 [notice] 1#1: signal 17 (SIGCHLD) received from 36
2023/12/04 21:52:53 [notice] 1#1: signal 17 (SIGCHLD) received from 35
2023/12/04 21:52:53 [notice] 1#1: worker process 35 exited with code 0
2023/12/04 21:52:53 [notice] 1#1: signal 29 (SIGIO) received
2023/12/04 21:52:53 [notice] 1#1: signal 17 (SIGCHLD) received from 30
2023/12/04 21:52:53 [notice] 1#1: worker process 30 exited with code 0
2023/12/04 21:52:53 [notice] 1#1: worker process 31 exited with code 0
2023/12/04 21:52:53 [notice] 1#1: worker process 34 exited with code 0
2023/12/04 21:52:53 [notice] 1#1: worker process 37 exited with code 0
2023/12/04 21:52:53 [notice] 1#1: signal 29 (SIGIO) received
2023/12/04 21:52:53 [notice] 1#1: signal 17 (SIGCHLD) received from 32
2023/12/04 21:52:53 [notice] 1#1: worker process 32 exited with code 0
2023/12/04 21:52:53 [notice] 1#1: exit
2023/12/04 21:53:14 [notice] 1#1: using the "epoll" event method
2023/12/04 21:53:14 [notice] 1#1: nginx/1.25.3
2023/12/04 21:53:14 [notice] 1#1: built by gcc 12.2.1 20220924 (Alpine 12.2.1_git20220924-r10) 
2023/12/04 21:53:14 [notice] 1#1: OS: Linux 5.15.133.1-microsoft-standard-WSL2
2023/12/04 21:53:14 [notice] 1#1: getrlimit(RLIMIT_NOFILE): 1048576:1048576
2023/12/04 21:53:14 [notice] 1#1: start worker processes
2023/12/04 21:53:14 [notice] 1#1: start worker process 29
2023/12/04 21:53:14 [notice] 1#1: start worker process 30
2023/12/04 21:53:14 [notice] 1#1: start worker process 31
2023/12/04 21:53:14 [notice] 1#1: start worker process 32
2023/12/04 21:53:14 [notice] 1#1: start worker process 33
2023/12/04 21:53:14 [notice] 1#1: start worker process 34
2023/12/04 21:53:14 [notice] 1#1: start worker process 35
2023/12/04 21:53:14 [notice] 1#1: start worker process 36
2023/12/04 21:55:50 [notice] 1#1: signal 3 (SIGQUIT) received, shutting down
2023/12/04 21:55:50 [notice] 30#30: gracefully shutting down
2023/12/04 21:55:50 [notice] 29#29: gracefully shutting down
2023/12/04 21:55:50 [notice] 32#32: gracefully shutting down
2023/12/04 21:55:50 [notice] 31#31: gracefully shutting down
2023/12/04 21:55:50 [notice] 33#33: gracefully shutting down
2023/12/04 21:55:50 [notice] 29#29: exiting
2023/12/04 21:55:50 [notice] 31#31: exiting
2023/12/04 21:55:50 [notice] 35#35: gracefully shutting down
2023/12/04 21:55:50 [notice] 30#30: exiting
2023/12/04 21:55:50 [notice] 33#33: exiting
2023/12/04 21:55:50 [notice] 32#32: exiting
2023/12/04 21:55:50 [notice] 35#35: exiting
2023/12/04 21:55:50 [notice] 33#33: exit
2023/12/04 21:55:50 [notice] 35#35: exit
2023/12/04 21:55:50 [notice] 31#31: exit
2023/12/04 21:55:50 [notice] 32#32: exit
2023/12/04 21:55:50 [notice] 30#30: exit
2023/12/04 21:55:50 [notice] 29#29: exit
2023/12/04 21:55:50 [notice] 34#34: gracefully shutting down
2023/12/04 21:55:50 [notice] 36#36: gracefully shutting down
2023/12/04 21:55:50 [notice] 34#34: exiting
2023/12/04 21:55:50 [notice] 36#36: exiting
2023/12/04 21:55:50 [notice] 34#34: exit
2023/12/04 21:55:50 [notice] 36#36: exit
2023/12/04 21:55:50 [notice] 1#1: signal 17 (SIGCHLD) received from 29
2023/12/04 21:55:50 [notice] 1#1: worker process 29 exited with code 0
2023/12/04 21:55:50 [notice] 1#1: worker process 31 exited with code 0
2023/12/04 21:55:50 [notice] 1#1: worker process 34 exited with code 0
2023/12/04 21:55:50 [notice] 1#1: worker process 36 exited with code 0
2023/12/04 21:55:50 [notice] 1#1: signal 29 (SIGIO) received
2023/12/04 21:55:50 [notice] 1#1: signal 17 (SIGCHLD) received from 35
2023/12/04 21:55:50 [notice] 1#1: worker process 35 exited with code 0
2023/12/04 21:55:50 [notice] 1#1: signal 29 (SIGIO) received
2023/12/04 21:55:50 [notice] 1#1: signal 17 (SIGCHLD) received from 30
2023/12/04 21:55:50 [notice] 1#1: worker process 30 exited with code 0
2023/12/04 21:55:50 [notice] 1#1: signal 29 (SIGIO) received
2023/12/04 21:55:50 [notice] 1#1: signal 17 (SIGCHLD) received from 32
2023/12/04 21:55:50 [notice] 1#1: worker process 32 exited with code 0
2023/12/04 21:55:50 [notice] 1#1: worker process 33 exited with code 0
2023/12/04 21:55:50 [notice] 1#1: exit
2023/12/04 22:19:13 [notice] 1#1: using the "epoll" event method
2023/12/04 22:19:13 [notice] 1#1: nginx/1.25.3
2023/12/04 22:19:13 [notice] 1#1: built by gcc 12.2.1 20220924 (Alpine 12.2.1_git20220924-r10) 
2023/12/04 22:19:13 [notice] 1#1: OS: Linux 5.15.133.1-microsoft-standard-WSL2
2023/12/04 22:19:13 [notice] 1#1: getrlimit(RLIMIT_NOFILE): 1048576:1048576
2023/12/04 22:19:13 [notice] 1#1: start worker processes
2023/12/04 22:19:13 [notice] 1#1: start worker process 29
2023/12/04 22:19:13 [notice] 1#1: start worker process 30
2023/12/04 22:19:13 [notice] 1#1: start worker process 31
2023/12/04 22:19:13 [notice] 1#1: start worker process 32
2023/12/04 22:19:13 [notice] 1#1: start worker process 33
2023/12/04 22:19:13 [notice] 1#1: start worker process 34
2023/12/04 22:19:13 [notice] 1#1: start worker process 35
2023/12/04 22:19:13 [notice] 1#1: start worker process 36
2023/12/04 22:22:43 [notice] 1#1: signal 3 (SIGQUIT) received, shutting down
2023/12/04 22:22:43 [notice] 30#30: gracefully shutting down
2023/12/04 22:22:43 [notice] 31#31: gracefully shutting down
2023/12/04 22:22:43 [notice] 29#29: gracefully shutting down
2023/12/04 22:22:43 [notice] 30#30: exiting
2023/12/04 22:22:43 [notice] 29#29: exiting
2023/12/04 22:22:43 [notice] 34#34: gracefully shutting down
2023/12/04 22:22:43 [notice] 32#32: gracefully shutting down
2023/12/04 22:22:43 [notice] 33#33: gracefully shutting down
2023/12/04 22:22:43 [notice] 32#32: exiting
2023/12/04 22:22:43 [notice] 35#35: gracefully shutting down
2023/12/04 22:22:43 [notice] 33#33: exiting
2023/12/04 22:22:43 [notice] 31#31: exiting
2023/12/04 22:22:43 [notice] 34#34: exiting
2023/12/04 22:22:43 [notice] 31#31: exit
2023/12/04 22:22:43 [notice] 32#32: exit
2023/12/04 22:22:43 [notice] 34#34: exit
2023/12/04 22:22:43 [notice] 33#33: exit
2023/12/04 22:22:43 [notice] 29#29: exit
2023/12/04 22:22:43 [notice] 35#35: exiting
2023/12/04 22:22:43 [notice] 30#30: exit
2023/12/04 22:22:43 [notice] 35#35: exit
2023/12/04 22:22:43 [notice] 36#36: gracefully shutting down
2023/12/04 22:22:43 [notice] 36#36: exiting
2023/12/04 22:22:43 [notice] 36#36: exit
2023/12/04 22:22:43 [notice] 1#1: signal 17 (SIGCHLD) received from 29
2023/12/04 22:22:43 [notice] 1#1: worker process 29 exited with code 0
2023/12/04 22:22:43 [notice] 1#1: signal 29 (SIGIO) received
2023/12/04 22:22:43 [notice] 1#1: signal 17 (SIGCHLD) received from 35
2023/12/04 22:22:43 [notice] 1#1: worker process 30 exited with code 0
2023/12/04 22:22:43 [notice] 1#1: worker process 31 exited with code 0
2023/12/04 22:22:43 [notice] 1#1: worker process 32 exited with code 0
2023/12/04 22:22:43 [notice] 1#1: worker process 33 exited with code 0
2023/12/04 22:22:43 [notice] 1#1: worker process 34 exited with code 0
2023/12/04 22:22:43 [notice] 1#1: worker process 35 exited with code 0
2023/12/04 22:22:43 [notice] 1#1: signal 29 (SIGIO) received
2023/12/04 22:22:43 [notice] 1#1: signal 17 (SIGCHLD) received from 36
2023/12/04 22:22:43 [notice] 1#1: worker process 36 exited with code 0
2023/12/04 22:22:43 [notice] 1#1: exit
2023/12/04 22:22:56 [notice] 1#1: using the "epoll" event method
2023/12/04 22:22:56 [notice] 1#1: nginx/1.25.3
2023/12/04 22:22:56 [notice] 1#1: built by gcc 12.2.1 20220924 (Alpine 12.2.1_git20220924-r10) 
2023/12/04 22:22:56 [notice] 1#1: OS: Linux 5.15.133.1-microsoft-standard-WSL2
2023/12/04 22:22:56 [notice] 1#1: getrlimit(RLIMIT_NOFILE): 1048576:1048576
2023/12/04 22:22:56 [notice] 1#1: start worker processes
2023/12/04 22:22:56 [notice] 1#1: start worker process 29
2023/12/04 22:22:56 [notice] 1#1: start worker process 30
2023/12/04 22:22:56 [notice] 1#1: start worker process 31
2023/12/04 22:22:56 [notice] 1#1: start worker process 32
2023/12/04 22:22:56 [notice] 1#1: start worker process 33
2023/12/04 22:22:56 [notice] 1#1: start worker process 34
2023/12/04 22:22:56 [notice] 1#1: start worker process 35
2023/12/04 22:22:56 [notice] 1#1: start worker process 36
2023/12/04 22:24:57 [notice] 1#1: signal 3 (SIGQUIT) received, shutting down
2023/12/04 22:24:57 [notice] 29#29: gracefully shutting down
2023/12/04 22:24:57 [notice] 30#30: gracefully shutting down
2023/12/04 22:24:57 [notice] 34#34: gracefully shutting down
2023/12/04 22:24:57 [notice] 35#35: gracefully shutting down
2023/12/04 22:24:57 [notice] 33#33: gracefully shutting down
2023/12/04 22:24:57 [notice] 32#32: gracefully shutting down
2023/12/04 22:24:57 [notice] 35#35: exiting
2023/12/04 22:24:57 [notice] 34#34: exiting
2023/12/04 22:24:57 [notice] 31#31: gracefully shutting down
2023/12/04 22:24:57 [notice] 32#32: exiting
2023/12/04 22:24:57 [notice] 31#31: exiting
2023/12/04 22:24:57 [notice] 33#33: exiting
2023/12/04 22:24:57 [notice] 29#29: exiting
2023/12/04 22:24:57 [notice] 32#32: exit
2023/12/04 22:24:57 [notice] 35#35: exit
2023/12/04 22:24:57 [notice] 34#34: exit
2023/12/04 22:24:57 [notice] 33#33: exit
2023/12/04 22:24:57 [notice] 29#29: exit
2023/12/04 22:24:57 [notice] 31#31: exit
2023/12/04 22:24:57 [notice] 36#36: gracefully shutting down
2023/12/04 22:24:57 [notice] 36#36: exiting
2023/12/04 22:24:57 [notice] 36#36: exit
2023/12/04 22:24:57 [notice] 1#1: signal 17 (SIGCHLD) received from 35
2023/12/04 22:24:57 [notice] 1#1: worker process 33 exited with code 0
2023/12/04 22:24:57 [notice] 1#1: worker process 35 exited with code 0
2023/12/04 22:24:57 [notice] 1#1: signal 29 (SIGIO) received
2023/12/04 22:24:57 [notice] 1#1: signal 17 (SIGCHLD) received from 34
2023/12/04 22:24:57 [notice] 1#1: worker process 34 exited with code 0
2023/12/04 22:24:57 [notice] 1#1: signal 29 (SIGIO) received
2023/12/04 22:24:57 [notice] 1#1: signal 17 (SIGCHLD) received from 31
2023/12/04 22:24:57 [notice] 1#1: worker process 31 exited with code 0
2023/12/04 22:24:57 [notice] 1#1: worker process 32 exited with code 0
2023/12/04 22:24:57 [notice] 1#1: worker process 36 exited with code 0
2023/12/04 22:24:57 [notice] 1#1: signal 29 (SIGIO) received
2023/12/04 22:24:57 [notice] 1#1: signal 17 (SIGCHLD) received from 32
2023/12/04 22:24:57 [notice] 1#1: signal 17 (SIGCHLD) received from 29
2023/12/04 22:24:57 [notice] 1#1: worker process 29 exited with code 0
2023/12/04 22:24:57 [notice] 1#1: signal 29 (SIGIO) received
